execve("./sockex1", ["./sockex1"], 0x7fff9b5419f0 /* 33 vars */) = 0
brk(NULL)                               = 0x563aca136000
access("/etc/ld.so.nohwcap", F_OK)      = -1 ENOENT (No such file or directory)
access("/etc/ld.so.preload", R_OK)      = -1 ENOENT (No such file or directory)
openat(AT_FDCWD, "/etc/ld.so.cache", O_RDONLY|O_CLOEXEC) = 3
fstat(3, {st_mode=S_IFREG|0644, st_size=31850, ...}) = 0
mmap(NULL, 31850, PROT_READ, MAP_PRIVATE, 3, 0) = 0x7f9fe2bb4000
close(3)                                = 0
access("/etc/ld.so.nohwcap", F_OK)      = -1 ENOENT (No such file or directory)
openat(AT_FDCWD, "/usr/lib/x86_64-linux-gnu/libelf.so.1", O_RDONLY|O_CLOEXEC) = 3
read(3, "\177ELF\2\1\1\0\0\0\0\0\0\0\0\0\3\0>\0\1\0\0\0\0.\0\0\0\0\0\0"..., 832) = 832
fstat(3, {st_mode=S_IFREG|0644, st_size=104952, ...}) = 0
mmap(NULL, 8192, PROT_READ|PROT_WRITE, MAP_PRIVATE|MAP_ANONYMOUS, -1, 0) = 0x7f9fe2bb2000
mmap(NULL, 2199936, PROT_READ|PROT_EXEC, MAP_PRIVATE|MAP_DENYWRITE, 3, 0) = 0x7f9fe277b000
mprotect(0x7f9fe2794000, 2093056, PROT_NONE) = 0
mmap(0x7f9fe2993000, 8192, PROT_READ|PROT_WRITE, MAP_PRIVATE|MAP_FIXED|MAP_DENYWRITE, 3, 0x18000) = 0x7f9fe2993000
close(3)                                = 0
access("/etc/ld.so.nohwcap", F_OK)      = -1 ENOENT (No such file or directory)
openat(AT_FDCWD, "/lib/x86_64-linux-gnu/libc.so.6", O_RDONLY|O_CLOEXEC) = 3
read(3, "\177ELF\2\1\1\3\0\0\0\0\0\0\0\0\3\0>\0\1\0\0\0\260\34\2\0\0\0\0\0"..., 832) = 832
fstat(3, {st_mode=S_IFREG|0755, st_size=2030544, ...}) = 0
mmap(NULL, 4131552, PROT_READ|PROT_EXEC, MAP_PRIVATE|MAP_DENYWRITE, 3, 0) = 0x7f9fe238a000
mprotect(0x7f9fe2571000, 2097152, PROT_NONE) = 0
mmap(0x7f9fe2771000, 24576, PROT_READ|PROT_WRITE, MAP_PRIVATE|MAP_FIXED|MAP_DENYWRITE, 3, 0x1e7000) = 0x7f9fe2771000
mmap(0x7f9fe2777000, 15072, PROT_READ|PROT_WRITE, MAP_PRIVATE|MAP_FIXED|MAP_ANONYMOUS, -1, 0) = 0x7f9fe2777000
close(3)                                = 0
access("/etc/ld.so.nohwcap", F_OK)      = -1 ENOENT (No such file or directory)
openat(AT_FDCWD, "/lib/x86_64-linux-gnu/libz.so.1", O_RDONLY|O_CLOEXEC) = 3
read(3, "\177ELF\2\1\1\0\0\0\0\0\0\0\0\0\3\0>\0\1\0\0\0\220\37\0\0\0\0\0\0"..., 832) = 832
fstat(3, {st_mode=S_IFREG|0644, st_size=116960, ...}) = 0
mmap(NULL, 2212016, PROT_READ|PROT_EXEC, MAP_PRIVATE|MAP_DENYWRITE, 3, 0) = 0x7f9fe216d000
mprotect(0x7f9fe2189000, 2093056, PROT_NONE) = 0
mmap(0x7f9fe2388000, 8192, PROT_READ|PROT_WRITE, MAP_PRIVATE|MAP_FIXED|MAP_DENYWRITE, 3, 0x1b000) = 0x7f9fe2388000
close(3)                                = 0
mmap(NULL, 12288, PROT_READ|PROT_WRITE, MAP_PRIVATE|MAP_ANONYMOUS, -1, 0) = 0x7f9fe2baf000
arch_prctl(ARCH_SET_FS, 0x7f9fe2baf740) = 0
mprotect(0x7f9fe2771000, 16384, PROT_READ) = 0
mprotect(0x7f9fe2388000, 4096, PROT_READ) = 0
mprotect(0x7f9fe2993000, 4096, PROT_READ) = 0
mprotect(0x563ac9285000, 4096, PROT_READ) = 0
mprotect(0x7f9fe2bbc000, 4096, PROT_READ) = 0
munmap(0x7f9fe2bb4000, 31850)           = 0
openat(AT_FDCWD, "./sockex1_kern.o", O_RDONLY) = 3
fcntl(3, F_GETFD)                       = 0
fstat(3, {st_mode=S_IFREG|0664, st_size=1168, ...}) = 0
pread64(3, "\177ELF\2\1\1\0\0\0\0\0\0\0\0\0\1\0\367\0\1\0\0\0\0\0\0\0\0\0\0\0"..., 64, 0) = 64
brk(NULL)                               = 0x563aca136000
brk(0x563aca157000)                     = 0x563aca157000
openat(AT_FDCWD, "/sys/kernel/debug/tracing/kprobe_events", O_WRONLY|O_TRUNC) = -1 ENOENT (No such file or directory)
write(-1, "", 0)                        = -1 EBADF (Bad file descriptor)
close(-1)                               = -1 EBADF (Bad file descriptor)
pread64(3, "\0\0\0\0\0\0\0\0\0\0\0\0\0\0\0\0\0\0\0\0\0\0\0\0\0\0\0\0\0\0\0\0"..., 640, 528) = 640
pread64(3, "\0.text\0maps\0my_map\0_license\0.rel"..., 87, 440) = 87
pread64(3, "\277\26\0\0\0\0\0\0000\0\0\0\27\0\0\0c\n\374\377\0\0\0\0aa\4\0\0\0\0\0"..., 120, 64) = 120
pread64(3, "8\0\0\0\0\0\0\0\1\0\0\0\5\0\0\0", 16, 408) = 16
pread64(3, "\2\0\0\0\4\0\0\0\10\0\0\0\0\1\0\0\0\0\0\0\0\0\0\0\0\0\0\0", 28, 184) = 28
pread64(3, "GPL\0", 4, 212)             = 4
pread64(3, "\20\0\0\0\0\0\0\0\1zR\0\10|\v\1\f\0\0\0\30\0\0\0\30\0\0\0\0\0\0\0"..., 48, 216) = 48
pread64(3, "\34\0\0\0\0\0\0\0\1\0\0\0\2\0\0\0", 16, 424) = 16
pread64(3, "\0\0\0\0\0\0\0\0\0\0\0\0\0\0\0\0\0\0\0\0\0\0\0\0:\0\0\0\0\0\3\0"..., 144, 264) = 144
bpf(BPF_MAP_CREATE, {map_type=BPF_MAP_TYPE_ARRAY, key_size=4, value_size=8, max_entries=256, map_flags=0, inner_map_fd=0, ...}, 72) = 4
bpf(BPF_PROG_LOAD, {prog_type=BPF_PROG_TYPE_SOCKET_FILTER, insn_cnt=15, insns=0x563aca136e80, license="GPL", log_level=0, log_size=0, log_buf=0, kern_version=0, prog_flags=0}, 72) = 5
close(3)                                = 0
socket(AF_PACKET, SOCK_RAW|SOCK_CLOEXEC|SOCK_NONBLOCK, 768) = 3
access("/proc/net", R_OK)               = 0
access("/proc/net/unix", R_OK)          = 0
socket(AF_UNIX, SOCK_DGRAM|SOCK_CLOEXEC, 0) = 6
ioctl(6, SIOCGIFINDEX, {ifr_name="lo", }) = 0
close(6)                                = 0
bind(3, {sa_family=AF_PACKET, sll_protocol=htons(ETH_P_ALL), sll_ifindex=if_nametoindex("lo"), sll_hatype=ARPHRD_NETROM, sll_pkttype=PACKET_HOST, sll_halen=0}, 20) = 0
setsockopt(3, SOL_SOCKET, SO_ATTACH_BPF, [5], 4) = 0
pipe2([6, 7], O_CLOEXEC)                = 0
clone(child_stack=NULL, flags=CLONE_CHILD_CLEARTID|CLONE_CHILD_SETTID|SIGCHLD, child_tidptr=0x7f9fe2bafa10) = 7437
close(7)                                = 0
fcntl(6, F_SETFD, 0)                    = 0
bpf(BPF_MAP_LOOKUP_ELEM, {map_fd=4, key=0x7ffc93db2044, value=0x7ffc93db2048}, 72) = 0
bpf(BPF_MAP_LOOKUP_ELEM, {map_fd=4, key=0x7ffc93db2044, value=0x7ffc93db2050}, 72) = 0
bpf(BPF_MAP_LOOKUP_ELEM, {map_fd=4, key=0x7ffc93db2044, value=0x7ffc93db2058}, 72) = 0
fstat(1, {st_mode=S_IFREG|0644, st_size=5673, ...}) = 0
nanosleep({tv_sec=1, tv_nsec=0}, 0x7ffc93db1ff0) = 0
bpf(BPF_MAP_LOOKUP_ELEM, {map_fd=4, key=0x7ffc93db2044, value=0x7ffc93db2048}, 72) = 0
bpf(BPF_MAP_LOOKUP_ELEM, {map_fd=4, key=0x7ffc93db2044, value=0x7ffc93db2050}, 72) = 0
bpf(BPF_MAP_LOOKUP_ELEM, {map_fd=4, key=0x7ffc93db2044, value=0x7ffc93db2058}, 72) = 0
nanosleep({tv_sec=1, tv_nsec=0}, 0x7ffc93db1ff0) = 0
bpf(BPF_MAP_LOOKUP_ELEM, {map_fd=4, key=0x7ffc93db2044, value=0x7ffc93db2048}, 72) = 0
bpf(BPF_MAP_LOOKUP_ELEM, {map_fd=4, key=0x7ffc93db2044, value=0x7ffc93db2050}, 72) = 0
bpf(BPF_MAP_LOOKUP_ELEM, {map_fd=4, key=0x7ffc93db2044, value=0x7ffc93db2058}, 72) = 0
nanosleep({tv_sec=1, tv_nsec=0}, 0x7ffc93db1ff0) = 0
bpf(BPF_MAP_LOOKUP_ELEM, {map_fd=4, key=0x7ffc93db2044, value=0x7ffc93db2048}, 72) = 0
bpf(BPF_MAP_LOOKUP_ELEM, {map_fd=4, key=0x7ffc93db2044, value=0x7ffc93db2050}, 72) = 0
bpf(BPF_MAP_LOOKUP_ELEM, {map_fd=4, key=0x7ffc93db2044, value=0x7ffc93db2058}, 72) = 0
nanosleep({tv_sec=1, tv_nsec=0}, {tv_sec=0, tv_nsec=1649313}) = ? ERESTART_RESTARTBLOCK (Interrupted by signal)
--- SIGCHLD {si_signo=SIGCHLD, si_code=CLD_EXITED, si_pid=7437, si_uid=0, si_status=0, si_utime=0, si_stime=0} ---
restart_syscall(<... resuming interrupted nanosleep ...>) = 0
bpf(BPF_MAP_LOOKUP_ELEM, {map_fd=4, key=0x7ffc93db2044, value=0x7ffc93db2048}, 72) = 0
bpf(BPF_MAP_LOOKUP_ELEM, {map_fd=4, key=0x7ffc93db2044, value=0x7ffc93db2050}, 72) = 0
bpf(BPF_MAP_LOOKUP_ELEM, {map_fd=4, key=0x7ffc93db2044, value=0x7ffc93db2058}, 72) = 0
nanosleep({tv_sec=1, tv_nsec=0}, 0x7ffc93db1ff0) = 0
write(1, "TCP 0 UDP 0 ICMP 0 bytes\nTCP 242"..., 150TCP 0 UDP 0 ICMP 0 bytes
TCP 24241 UDP 0 ICMP 196 bytes
TCP 49270 UDP 0 ICMP 588 bytes
TCP 75694 UDP 0 ICMP 784 bytes
TCP 100723 UDP 0 ICMP 980 bytes
) = 150
exit_group(0)                           = ?
+++ exited with 0 +++
